Using pre-set license
Built from '2020.3/china_unity/release' branch; Version is '2020.3.10f1c1 (65978a05d4e9) revision 6657930'; Using compiler version '192528614'; Build Type 'Release'
OS: 'Windows 10 Pro; OS build 19041.1052; Version 2004; 64bit' Language: 'en' Physical Memory: 16290 MB
BatchMode: 1, IsHumanControllingUs: 0, StartBugReporterOnCrash: 0, Is64bit: 1, IsPro: 0

 COMMAND LINE ARGUMENTS:
D:\Program Files\Unity\Editor\2020.3.10f1c1\Editor\Unity.exe
-adb2
-batchMode
-noUpm
-name
AssetImportWorker0
-projectPath
D:/new/gamble
-logFile
Logs/AssetImportWorker0.log
-srvPort
57780
Successfully changed project path to: D:/new/gamble
D:/new/gamble
Using Asset Import Pipeline V2.
Refreshing native plugins compatible for Editor in 40.67 ms, found 4 plugins.
Preloading 0 native plugins for Editor in 0.00 ms.
Initialize engine version: 2020.3.10f1c1 (65978a05d4e9)
[Subsystems] Discovering subsystems at path D:/Program Files/Unity/Editor/2020.3.10f1c1/Editor/Data/Resources/UnitySubsystems
[Subsystems] Discovering subsystems at path D:/new/gamble/Assets
GfxDevice: creating device client; threaded=0
Direct3D:
    Version:  Direct3D 11.0 [level 11.1]
    Renderer: NVIDIA GeForce GTX 1660 (ID=0x2184)
    Vendor:   
    VRAM:     5991 MB
    Driver:   27.21.14.5671
Initialize mono
Mono path[0] = 'D:/Program Files/Unity/Editor/2020.3.10f1c1/Editor/Data/Managed'
Mono path[1] = 'D:/Program Files/Unity/Editor/2020.3.10f1c1/Editor/Data/MonoBleedingEdge/lib/mono/unityjit'
Mono config path = 'D:/Program Files/Unity/Editor/2020.3.10f1c1/Editor/Data/MonoBleedingEdge/etc'
Using monoOptions --debugger-agent=transport=dt_socket,embedding=1,server=y,suspend=n,address=127.0.0.1:56576
Begin MonoManager ReloadAssembly
Registering precompiled unity dll's ...
Register platform support module: D:/Program Files/Unity/Editor/2020.3.10f1c1/Editor/Data/PlaybackEngines/WebGLSupport/UnityEditor.WebGL.Extensions.dll
Register platform support module: D:/Program Files/Unity/Editor/2020.3.10f1c1/Editor/Data/PlaybackEngines/WindowsStandaloneSupport/UnityEditor.WindowsStandalone.Extensions.dll
Registered in 0.001078 seconds.
Native extension for WindowsStandalone target not found
Native extension for WebGL target not found
Refreshing native plugins compatible for Editor in 36.63 ms, found 4 plugins.
Preloading 0 native plugins for Editor in 0.00 ms.
Mono: successfully reloaded assembly
- Completed reload, in  1.396 seconds
Platform modules already initialized, skipping
Registering precompiled user dll's ...
Registered in 0.005996 seconds.
Begin MonoManager ReloadAssembly
Native extension for WindowsStandalone target not found
Native extension for WebGL target not found
Refreshing native plugins compatible for Editor in 37.11 ms, found 4 plugins.
Preloading 0 native plugins for Editor in 0.00 ms.
Mono: successfully reloaded assembly
- Completed reload, in  1.005 seconds
Platform modules already initialized, skipping
========================================================================
Worker process is ready to serve import requests
Launched and connected shader compiler UnityShaderCompiler.exe after 0.04 seconds
Refreshing native plugins compatible for Editor in 1.18 ms, found 4 plugins.
Preloading 0 native plugins for Editor in 0.00 ms.
Unloading 2199 Unused Serialized files (Serialized files now loaded: 0)
System memory in use before: 96.8 MB.
System memory in use after: 97.0 MB.

Unloading 57 unused Assets to reduce memory usage. Loaded Objects now: 2695.
Total: 2.072000 ms (FindLiveObjects: 0.180000 ms CreateObjectMapping: 0.084700 ms MarkObjects: 1.741600 ms  DeleteObjects: 0.064800 ms)

========================================================================
Received Import Request.
  path: Assets/New State Macro.asset
  artifactKey: Guid(e8a52e57e422ca84cbe48b5bd0b72d9f) Importer(815301076,1909f56bfc062723c751e8b465ee728b)
Start importing Assets/New State Macro.asset using Guid(e8a52e57e422ca84cbe48b5bd0b72d9f) Importer(815301076,1909f56bfc062723c751e8b465ee728b)  -> (artifact id: '060290721ba10563a04a61c4d337040a') in 0.223565 seconds
  Import took 0.233571 seconds .

========================================================================
Received Import Request.
  Time since last request: 16.001842 seconds.
  path: Assets/swe.cs
  artifactKey: Guid(a04e928264fca3f46805fcb62fb16eb1) Importer(815301076,1909f56bfc062723c751e8b465ee728b)
Start importing Assets/swe.cs using Guid(a04e928264fca3f46805fcb62fb16eb1) Importer(815301076,1909f56bfc062723c751e8b465ee728b)  -> (artifact id: '78ad8217226c93e76164e5d67bd75e09') in 0.008018 seconds
  Import took 0.012891 seconds .

AssetImportWorkerClient::OnTransportError - code=2 error=End of file
